h:\lab2\project\x64\debug\vc140.pdb
h:\lab2\project\x64\debug\vc140.idb
h:\lab2\project\x64\debug\game.obj
h:\lab2\project\x64\debug\packets.obj
h:\lab2\project\x64\debug\stategame.obj
h:\lab2\project\x64\debug\stategamelocal.obj
h:\lab2\project\x64\debug\stategamenetwork.obj
h:\lab2\project\x64\debug\net.obj
h:\lab2\project\x64\debug\stateapplication.obj
h:\lab2\project\x64\debug\statelobby.obj
h:\lab2\project\x64\debug\main.obj
h:\lab2\project\x64\debug\stateconnecting.obj
h:\lab2\project\x64\debug\project.ilk
h:\lab2\project\x64\debug\project.exe
h:\lab2\project\x64\debug\project.pdb
h:\lab2\project\x64\debug\stategame.new.obj.enc
h:\lab2\project\x64\debug\project.tlog\cl.command.1.tlog
h:\lab2\project\x64\debug\project.tlog\cl.read.1.tlog
h:\lab2\project\x64\debug\project.tlog\cl.write.1.tlog
h:\lab2\project\x64\debug\project.tlog\link.command.1.tlog
h:\lab2\project\x64\debug\project.tlog\link.read.1.tlog
h:\lab2\project\x64\debug\project.tlog\link.write.1.tlog
